<?xml version="1.0" encoding="UTF-8"?>
<testng-results skipped="0" failed="0" ignored="0" total="1" passed="1">
  <reporter-output>
  </reporter-output>
  <suite name="Default suite" duration-ms="216" started-at="2019-04-05T09:01:58Z" finished-at="2019-04-05T09:01:58Z">
    <groups>
    </groups>
    <test name="Default test" duration-ms="216" started-at="2019-04-05T09:01:58Z" finished-at="2019-04-05T09:01:58Z">
      <class name="getter.run.db.TestGetter">
        <test-method status="PASS" signature="setMachineName()[pri:0, instance:getter.run.db.TestGetter@23ceabc1]" name="setMachineName" is-config="true" duration-ms="18" started-at="2019-04-05T09:01:58Z" finished-at="2019-04-05T09:01:58Z">
          <reporter-output>
          </reporter-output>
        </test-method> <!-- setMachineName -->
        <test-method status="PASS" signature="getTest()[pri:0, instance:getter.run.db.TestGetter@23ceabc1]" name="getTest" duration-ms="183" started-at="2019-04-05T09:01:58Z" finished-at="2019-04-05T09:01:58Z">
          <reporter-output>
          </reporter-output>
        </test-method> <!-- getTest -->
      </class> <!-- getter.run.db.TestGetter -->
    </test> <!-- Default test -->
  </suite> <!-- Default suite -->
</testng-results>
